<?xml version="1.0" encoding="UTF-8"?>
<testsuite xmlns:xsi="http://www.w3.org/2001/XMLSchema-instance" xsi:noNamespaceSchemaLocation="https://maven.apache.org/surefire/maven-surefire-plugin/xsd/surefire-test-report.xsd" name="com.diegomorales.warehouse.controller.ServiceControllerTest" time="6.099" tests="5" errors="0" skipped="0" failures="0">
  <properties>
[...]
</properties>
  <testcase name="findAll" classname="com.diegomorales.warehouse.controller.ServiceControllerTest" time="0.122"/>
  <testcase name="findOne" classname="com.diegomorales.warehouse.controller.ServiceControllerTest" time="0.018"/>
  <testcase name="update" classname="com.diegomorales.warehouse.controller.ServiceControllerTest" time="0.033"/>
  <testcase name="save" classname="com.diegomorales.warehouse.controller.ServiceControllerTest" time="0.041"/>
  <testcase name="deleteService" classname="com.diegomorales.warehouse.controller.ServiceControllerTest" time="0.011"/>
</testsuite>